Determining if the function crc32c_value exists in the crc32c failed with the following output:
Change Dir: /root/leveldb/build/CMakeFiles/CMakeTmp

Run Build Command:"/usr/bin/make" "cmTC_5648a/fast"
/usr/bin/make -f CMakeFiles/cmTC_5648a.dir/build.make CMakeFiles/cmTC_5648a.dir/build
make[1]: Entering directory '/root/leveldb/build/CMakeFiles/CMakeTmp'
Building C object CMakeFiles/cmTC_5648a.dir/CheckFunctionExists.c.o
/usr/bin/cc   -DCHECK_FUNCTION_EXISTS=crc32c_value   -std=c11 -o CMakeFiles/cmTC_5648a.dir/CheckFunctionExists.c.o   -c /usr/share/cmake-3.10/Modules/CheckFunctionExists.c
Linking C executable cmTC_5648a
/usr/bin/cmake -E cmake_link_script CMakeFiles/cmTC_5648a.dir/link.txt --verbose=1
/usr/bin/cc  -DCHECK_FUNCTION_EXISTS=crc32c_value    CMakeFiles/cmTC_5648a.dir/CheckFunctionExists.c.o  -o cmTC_5648a -lcrc32c 
/usr/bin/ld: cannot find -lcrc32c
collect2: error: ld returned 1 exit status
CMakeFiles/cmTC_5648a.dir/build.make:97: recipe for target 'cmTC_5648a' failed
make[1]: *** [cmTC_5648a] Error 1
make[1]: Leaving directory '/root/leveldb/build/CMakeFiles/CMakeTmp'
Makefile:126: recipe for target 'cmTC_5648a/fast' failed
make: *** [cmTC_5648a/fast] Error 2


Determining if the function snappy_compress exists in the snappy failed with the following output:
Change Dir: /root/leveldb/build/CMakeFiles/CMakeTmp

Run Build Command:"/usr/bin/make" "cmTC_ac2ee/fast"
/usr/bin/make -f CMakeFiles/cmTC_ac2ee.dir/build.make CMakeFiles/cmTC_ac2ee.dir/build
make[1]: Entering directory '/root/leveldb/build/CMakeFiles/CMakeTmp'
Building C object CMakeFiles/cmTC_ac2ee.dir/CheckFunctionExists.c.o
/usr/bin/cc   -DCHECK_FUNCTION_EXISTS=snappy_compress   -std=c11 -o CMakeFiles/cmTC_ac2ee.dir/CheckFunctionExists.c.o   -c /usr/share/cmake-3.10/Modules/CheckFunctionExists.c
Linking C executable cmTC_ac2ee
/usr/bin/cmake -E cmake_link_script CMakeFiles/cmTC_ac2ee.dir/link.txt --verbose=1
/usr/bin/cc  -DCHECK_FUNCTION_EXISTS=snappy_compress    CMakeFiles/cmTC_ac2ee.dir/CheckFunctionExists.c.o  -o cmTC_ac2ee -lsnappy 
/usr/bin/ld: cannot find -lsnappy
collect2: error: ld returned 1 exit status
CMakeFiles/cmTC_ac2ee.dir/build.make:97: recipe for target 'cmTC_ac2ee' failed
make[1]: *** [cmTC_ac2ee] Error 1
make[1]: Leaving directory '/root/leveldb/build/CMakeFiles/CMakeTmp'
Makefile:126: recipe for target 'cmTC_ac2ee/fast' failed
make: *** [cmTC_ac2ee/fast] Error 2


Determining if the F_FULLFSYNC exist failed with the following output:
Change Dir: /root/leveldb/build/CMakeFiles/CMakeTmp

Run Build Command:"/usr/bin/make" "cmTC_22226/fast"
/usr/bin/make -f CMakeFiles/cmTC_22226.dir/build.make CMakeFiles/cmTC_22226.dir/build
make[1]: Entering directory '/root/leveldb/build/CMakeFiles/CMakeTmp'
Building CXX object CMakeFiles/cmTC_22226.dir/CheckSymbolExists.cxx.o
/usr/bin/c++    -std=c++11 -o CMakeFiles/cmTC_22226.dir/CheckSymbolExists.cxx.o -c /root/leveldb/build/CMakeFiles/CMakeTmp/CheckSymbolExists.cxx
/root/leveldb/build/CMakeFiles/CMakeTmp/CheckSymbolExists.cxx: In function 'int main(int, char**)':
/root/leveldb/build/CMakeFiles/CMakeTmp/CheckSymbolExists.cxx:8:19: error: 'F_FULLFSYNC' was not declared in this scope
   return ((int*)(&F_FULLFSYNC))[argc];
                   ^~~~~~~~~~~
/root/leveldb/build/CMakeFiles/CMakeTmp/CheckSymbolExists.cxx:8:19: note: suggested alternative: 'O_FSYNC'
   return ((int*)(&F_FULLFSYNC))[argc];
                   ^~~~~~~~~~~
                   O_FSYNC
CMakeFiles/cmTC_22226.dir/build.make:65: recipe for target 'CMakeFiles/cmTC_22226.dir/CheckSymbolExists.cxx.o' failed
make[1]: *** [CMakeFiles/cmTC_22226.dir/CheckSymbolExists.cxx.o] Error 1
make[1]: Leaving directory '/root/leveldb/build/CMakeFiles/CMakeTmp'
Makefile:126: recipe for target 'cmTC_22226/fast' failed
make: *** [cmTC_22226/fast] Error 2

File /root/leveldb/build/CMakeFiles/CMakeTmp/CheckSymbolExists.cxx:
/* */
#include <fcntl.h>

int main(int argc, char** argv)
{
  (void)argv;
#ifndef F_FULLFSYNC
  return ((int*)(&F_FULLFSYNC))[argc];
#else
  (void)argc;
  return 0;
#endif
}

Performing C++ SOURCE FILE Test HAVE_CLANG_THREAD_SAFETY failed with the following output:
Change Dir: /root/leveldb/build/CMakeFiles/CMakeTmp

Run Build Command:"/usr/bin/make" "cmTC_3354c/fast"
/usr/bin/make -f CMakeFiles/cmTC_3354c.dir/build.make CMakeFiles/cmTC_3354c.dir/build
make[1]: Entering directory '/root/leveldb/build/CMakeFiles/CMakeTmp'
Building CXX object CMakeFiles/cmTC_3354c.dir/src.cxx.o
/usr/bin/c++    -fno-exceptions -fno-rtti -DHAVE_CLANG_THREAD_SAFETY   -Wthread-safety -std=c++11 -o CMakeFiles/cmTC_3354c.dir/src.cxx.o -c /root/leveldb/build/CMakeFiles/CMakeTmp/src.cxx
c++: error: unrecognized command line option '-Wthread-safety'; did you mean '-fthread-jumps'?
CMakeFiles/cmTC_3354c.dir/build.make:65: recipe for target 'CMakeFiles/cmTC_3354c.dir/src.cxx.o' failed
make[1]: *** [CMakeFiles/cmTC_3354c.dir/src.cxx.o] Error 1
make[1]: Leaving directory '/root/leveldb/build/CMakeFiles/CMakeTmp'
Makefile:126: recipe for target 'cmTC_3354c/fast' failed
make: *** [cmTC_3354c/fast] Error 2

Source file was:
int main() { return 0; }
Determining if the pthread_create exist failed with the following output:
Change Dir: /root/leveldb/build/CMakeFiles/CMakeTmp

Run Build Command:"/usr/bin/make" "cmTC_fac21/fast"
/usr/bin/make -f CMakeFiles/cmTC_fac21.dir/build.make CMakeFiles/cmTC_fac21.dir/build
make[1]: Entering directory '/root/leveldb/build/CMakeFiles/CMakeTmp'
Building C object CMakeFiles/cmTC_fac21.dir/CheckSymbolExists.c.o
/usr/bin/cc   -Wstrict-prototypes    -std=c11 -o CMakeFiles/cmTC_fac21.dir/CheckSymbolExists.c.o   -c /root/leveldb/build/CMakeFiles/CMakeTmp/CheckSymbolExists.c
Linking C executable cmTC_fac21
/usr/bin/cmake -E cmake_link_script CMakeFiles/cmTC_fac21.dir/link.txt --verbose=1
/usr/bin/cc  -Wstrict-prototypes     CMakeFiles/cmTC_fac21.dir/CheckSymbolExists.c.o  -o cmTC_fac21 
CMakeFiles/cmTC_fac21.dir/CheckSymbolExists.c.o: In function `main':
CheckSymbolExists.c:(.text+0x1b): undefined reference to `pthread_create'
collect2: error: ld returned 1 exit status
CMakeFiles/cmTC_fac21.dir/build.make:97: recipe for target 'cmTC_fac21' failed
make[1]: *** [cmTC_fac21] Error 1
make[1]: Leaving directory '/root/leveldb/build/CMakeFiles/CMakeTmp'
Makefile:126: recipe for target 'cmTC_fac21/fast' failed
make: *** [cmTC_fac21/fast] Error 2

File /root/leveldb/build/CMakeFiles/CMakeTmp/CheckSymbolExists.c:
/* */
#include <pthread.h>

int main(int argc, char** argv)
{
  (void)argv;
#ifndef pthread_create
  return ((int*)(&pthread_create))[argc];
#else
  (void)argc;
  return 0;
#endif
}

Determining if the function pthread_create exists in the pthreads failed with the following output:
Change Dir: /root/leveldb/build/CMakeFiles/CMakeTmp

Run Build Command:"/usr/bin/make" "cmTC_6c73b/fast"
/usr/bin/make -f CMakeFiles/cmTC_6c73b.dir/build.make CMakeFiles/cmTC_6c73b.dir/build
make[1]: Entering directory '/root/leveldb/build/CMakeFiles/CMakeTmp'
Building C object CMakeFiles/cmTC_6c73b.dir/CheckFunctionExists.c.o
/usr/bin/cc   -Wstrict-prototypes -DCHECK_FUNCTION_EXISTS=pthread_create   -std=c11 -o CMakeFiles/cmTC_6c73b.dir/CheckFunctionExists.c.o   -c /usr/share/cmake-3.10/Modules/CheckFunctionExists.c
Linking C executable cmTC_6c73b
/usr/bin/cmake -E cmake_link_script CMakeFiles/cmTC_6c73b.dir/link.txt --verbose=1
/usr/bin/cc  -Wstrict-prototypes -DCHECK_FUNCTION_EXISTS=pthread_create    CMakeFiles/cmTC_6c73b.dir/CheckFunctionExists.c.o  -o cmTC_6c73b -lpthreads 
/usr/bin/ld: cannot find -lpthreads
collect2: error: ld returned 1 exit status
CMakeFiles/cmTC_6c73b.dir/build.make:97: recipe for target 'cmTC_6c73b' failed
make[1]: *** [cmTC_6c73b] Error 1
make[1]: Leaving directory '/root/leveldb/build/CMakeFiles/CMakeTmp'
Makefile:126: recipe for target 'cmTC_6c73b/fast' failed
make: *** [cmTC_6c73b/fast] Error 2


Determining if the function sqlite3_open exists in the sqlite3 failed with the following output:
Change Dir: /root/leveldb/build/CMakeFiles/CMakeTmp

Run Build Command:"/usr/bin/make" "cmTC_7c30e/fast"
/usr/bin/make -f CMakeFiles/cmTC_7c30e.dir/build.make CMakeFiles/cmTC_7c30e.dir/build
make[1]: Entering directory '/root/leveldb/build/CMakeFiles/CMakeTmp'
Building C object CMakeFiles/cmTC_7c30e.dir/CheckFunctionExists.c.o
/usr/bin/cc   -Wstrict-prototypes -DCHECK_FUNCTION_EXISTS=sqlite3_open   -o CMakeFiles/cmTC_7c30e.dir/CheckFunctionExists.c.o   -c /usr/share/cmake-3.10/Modules/CheckFunctionExists.c
Linking C executable cmTC_7c30e
/usr/bin/cmake -E cmake_link_script CMakeFiles/cmTC_7c30e.dir/link.txt --verbose=1
/usr/bin/cc  -Wstrict-prototypes -DCHECK_FUNCTION_EXISTS=sqlite3_open    -rdynamic CMakeFiles/cmTC_7c30e.dir/CheckFunctionExists.c.o  -o cmTC_7c30e -lsqlite3 
/usr/bin/ld: cannot find -lsqlite3
collect2: error: ld returned 1 exit status
CMakeFiles/cmTC_7c30e.dir/build.make:97: recipe for target 'cmTC_7c30e' failed
make[1]: *** [cmTC_7c30e] Error 1
make[1]: Leaving directory '/root/leveldb/build/CMakeFiles/CMakeTmp'
Makefile:126: recipe for target 'cmTC_7c30e/fast' failed
make: *** [cmTC_7c30e/fast] Error 2


Performing C++ SOURCE FILE Test HAVE_KYOTOCABINET failed with the following output:
Change Dir: /root/leveldb/build/CMakeFiles/CMakeTmp

Run Build Command:"/usr/bin/make" "cmTC_c300d/fast"
/usr/bin/make -f CMakeFiles/cmTC_c300d.dir/build.make CMakeFiles/cmTC_c300d.dir/build
make[1]: Entering directory '/root/leveldb/build/CMakeFiles/CMakeTmp'
Building CXX object CMakeFiles/cmTC_c300d.dir/src.cxx.o
/usr/bin/c++    -fno-exceptions -fno-rtti -DHAVE_KYOTOCABINET   -std=c++11 -o CMakeFiles/cmTC_c300d.dir/src.cxx.o -c /root/leveldb/build/CMakeFiles/CMakeTmp/src.cxx
/root/leveldb/build/CMakeFiles/CMakeTmp/src.cxx:2:10: fatal error: kcpolydb.h: No such file or directory
 #include <kcpolydb.h>
          ^~~~~~~~~~~~
compilation terminated.
CMakeFiles/cmTC_c300d.dir/build.make:65: recipe for target 'CMakeFiles/cmTC_c300d.dir/src.cxx.o' failed
make[1]: *** [CMakeFiles/cmTC_c300d.dir/src.cxx.o] Error 1
make[1]: Leaving directory '/root/leveldb/build/CMakeFiles/CMakeTmp'
Makefile:126: recipe for target 'cmTC_c300d/fast' failed
make: *** [cmTC_c300d/fast] Error 2

Source file was:

#include <kcpolydb.h>

int main() {
  kyotocabinet::TreeDB* db = new kyotocabinet::TreeDB();
  delete db;
  return 0;
}
  
